<?xml version="1.0" encoding="UTF-8"?>
<testng-results skipped="0" failed="0" ignored="0" total="1" passed="1">
  <reporter-output>
    <line>
      <![CDATA[Expected Page actiTIME - Login is Displayed]]>
    </line>
    <line>
      <![CDATA[Expected Page actiTIME - Enter Time-Track is Displayed]]>
    </line>
  </reporter-output>
  <suite name="Default suite" duration-ms="70398" started-at="2018-03-22T12:00:09Z" finished-at="2018-03-22T12:01:19Z">
    <groups>
    </groups>
    <test name="Default test" duration-ms="70398" started-at="2018-03-22T12:00:09Z" finished-at="2018-03-22T12:01:19Z">
      <class name="script.ValidLogin">
        <test-method status="PASS" signature="openApplication()[pri:0, instance:script.ValidLogin@17e2f02]" name="openApplication" is-config="true" duration-ms="52038" started-at="2018-03-22T12:00:09Z" finished-at="2018-03-22T12:01:01Z">
          <reporter-output>
          </reporter-output>
        </test-method> <!-- openApplication -->
        <test-method status="PASS" signature="testValidLogin()[pri:1, instance:script.ValidLogin@17e2f02]" name="testValidLogin" duration-ms="18282" started-at="2018-03-22T12:01:01Z" finished-at="2018-03-22T12:01:19Z">
          <reporter-output>
            <line>
              <![CDATA[Expected Page actiTIME - Login is Displayed]]>
            </line>
            <line>
              <![CDATA[Expected Page actiTIME - Enter Time-Track is Displayed]]>
            </line>
          </reporter-output>
        </test-method> <!-- testValidLogin -->
        <test-method status="PASS" signature="closeApplication(org.testng.ITestResult)[pri:0, instance:script.ValidLogin@17e2f02]" name="closeApplication" is-config="true" duration-ms="49" started-at="2018-03-22T12:01:19Z" finished-at="2018-03-22T12:01:19Z">
          <params>
            <param index="0">
              <value>
                <![CDATA[[TestResult name=testValidLogin status=SUCCESS method=ValidLogin.testValidLogin()[pri:1, instance:script.ValidLogin@17e2f02] output=Expected Page actiTIME - Login is Displayed]]]>
              </value>
            </param>
          </params>
          <reporter-output>
          </reporter-output>
        </test-method> <!-- closeApplication -->
      </class> <!-- script.ValidLogin -->
    </test> <!-- Default test -->
  </suite> <!-- Default suite -->
</testng-results>
